d:\humber\gameengine\vulkan_gameengine\vulkan_gameengine\vulkan_gameengine\x64\debug\vc142.pdb
d:\humber\gameengine\vulkan_gameengine\vulkan_gameengine\vulkan_gameengine\x64\debug\vc142.idb
d:\humber\gameengine\vulkan_gameengine\vulkan_gameengine\vulkan_gameengine\x64\debug\vge_sdlmanager.obj
d:\humber\gameengine\vulkan_gameengine\vulkan_gameengine\vulkan_gameengine\x64\debug\source.obj
d:\humber\gameengine\vulkan_gameengine\vulkan_gameengine\vulkan_gameengine\x64\debug\vge_window.obj
d:\humber\gameengine\vulkan_gameengine\vulkan_gameengine\vulkan_gameengine\x64\debug\vge_vulkanmanager.obj
d:\humber\gameengine\vulkan_gameengine\vulkan_gameengine\vulkan_gameengine\x64\debug\hellotriangle.obj
d:\humber\gameengine\vulkan_gameengine\vulkan_gameengine\vulkan_gameengine\x64\debug\fvector3.obj
d:\humber\gameengine\vulkan_gameengine\vulkan_gameengine\vulkan_gameengine\x64\debug\ftransform.obj
d:\humber\gameengine\vulkan_gameengine\vulkan_gameengine\vulkan_gameengine\x64\debug\fquaternion.obj
d:\humber\gameengine\vulkan_gameengine\vulkan_gameengine\vulkan_gameengine\x64\debug\fmatrix.obj
d:\humber\gameengine\vulkan_gameengine\vulkan_gameengine\vulkan_gameengine\x64\debug\vge_sdltextureloader.obj
d:\humber\gameengine\vulkan_gameengine\vulkan_gameengine\vulkan_gameengine\x64\debug\vge_sdleventhandler.obj
d:\humber\gameengine\vulkan_gameengine\vulkan_gameengine\vulkan_gameengine\x64\debug\vge_vulkanvalidationlayers.obj
d:\humber\gameengine\vulkan_gameengine\vulkan_gameengine\vulkan_gameengine\x64\debug\vge_vulkandebugmessanger.obj
d:\humber\gameengine\vulkan_gameengine\vulkan_gameengine\vulkan_gameengine\x64\debug\vge_vulkandebugmessenger.obj
d:\humber\gameengine\vulkan_gameengine\vulkan_gameengine\vulkan_gameengine\x64\debug\vge_vulkanwindowmanager.obj
d:\humber\gameengine\vulkan_gameengine\vulkan_gameengine\vulkan_gameengine\x64\debug\vge_vulkanqueuemanager.obj
d:\humber\gameengine\vulkan_gameengine\vulkan_gameengine\vulkan_gameengine\x64\debug\vge_vulkanswapchainmanager.obj
d:\humber\gameengine\vulkan_gameengine\vulkan_gameengine\vulkan_gameengine\x64\debug\vge_sdlwindowmanager.obj
d:\humber\gameengine\vulkan_gameengine\vulkan_gameengine\vulkan_gameengine\x64\debug\vulkanrenderer.obj
d:\humber\gameengine\vulkan_gameengine\vulkan_gameengine\vulkan_gameengine\x64\debug\fvector4.obj
d:\humber\gameengine\vulkan_gameengine\vulkan_gameengine\vulkan_gameengine\x64\debug\fplane.obj
d:\humber\gameengine\vulkan_gameengine\vulkan_gameengine\vulkan_gameengine\x64\debug\fmatrix4.obj
d:\humber\gameengine\vulkan_gameengine\vulkan_gameengine\vulkan_gameengine\x64\debug\ray.obj
d:\humber\gameengine\vulkan_gameengine\vulkan_gameengine\vulkan_gameengine\x64\debug\planecollider.obj
d:\humber\gameengine\vulkan_gameengine\vulkan_gameengine\vulkan_gameengine\x64\debug\plane.obj
d:\humber\gameengine\vulkan_gameengine\vulkan_gameengine\vulkan_gameengine\x64\debug\box.obj
d:\humber\gameengine\vulkan_gameengine\vulkan_gameengine\vulkan_gameengine\x64\debug\sphere.obj
d:\humber\gameengine\vulkan_gameengine\vulkan_gameengine\vulkan_gameengine\x64\debug\vulkanpipeline.obj
d:\humber\gameengine\vulkan_gameengine\vulkan_gameengine\vulkan_gameengine\x64\debug\vulkanmanager.obj
d:\humber\gameengine\vulkan_gameengine\vulkan_gameengine\vulkan_gameengine\x64\debug\vulkanswapchain.obj
d:\humber\gameengine\vulkan_gameengine\vulkan_gameengine\vulkan_gameengine\x64\debug\vulkandebugger.obj
d:\humber\gameengine\vulkan_gameengine\vulkan_gameengine\vulkan_gameengine\x64\debug\vulkandevices.obj
d:\humber\gameengine\vulkan_gameengine\vulkan_gameengine\vulkan_gameengine\x64\debug\textureloader.obj
d:\humber\gameengine\vulkan_gameengine\vulkan_gameengine\vulkan_gameengine\x64\debug\meshloader.obj
d:\humber\gameengine\vulkan_gameengine\vulkan_gameengine\vulkan_gameengine\x64\debug\vulkanpipelinemanager.obj
d:\humber\gameengine\vulkan_gameengine\vulkan_gameengine\vulkan_gameengine\x64\debug\vulkanswapchainmanager.obj
d:\humber\gameengine\vulkan_gameengine\vulkan_gameengine\vulkan_gameengine\x64\debug\gameobject.obj
d:\humber\gameengine\vulkan_gameengine\vulkan_gameengine\vulkan_gameengine\x64\debug\movementcomponent.obj
d:\humber\gameengine\vulkan_gameengine\vulkan_gameengine\vulkan_gameengine\x64\debug\staticmeshcomponent.obj
d:\humber\gameengine\vulkan_gameengine\vulkan_gameengine\vulkan_gameengine\x64\debug\transformcomponent.obj
d:\humber\gameengine\vulkan_gameengine\vulkan_gameengine\vulkan_gameengine\x64\debug\physicscomponent.obj
d:\humber\gameengine\vulkan_gameengine\vulkan_gameengine\vulkan_gameengine\x64\debug\physicsbody.obj
d:\humber\gameengine\vulkan_gameengine\vulkan_gameengine\vulkan_gameengine\x64\debug\physicslib.obj
d:\humber\gameengine\vulkan_gameengine\vulkan_gameengine\vulkan_gameengine\x64\debug\clock.obj
d:\humber\gameengine\vulkan_gameengine\vulkan_gameengine\vulkan_gameengine\x64\debug\cameracomponent.obj
d:\humber\gameengine\vulkan_gameengine\vulkan_gameengine\vulkan_gameengine\x64\debug\collisioncomponent.obj
d:\humber\gameengine\vulkan_gameengine\vulkan_gameengine\vulkan_gameengine\x64\debug\collisiondata.obj
d:\humber\gameengine\vulkan_gameengine\vulkan_gameengine\vulkan_gameengine\x64\debug\billiardball.obj
d:\humber\gameengine\vulkan_gameengine\vulkan_gameengine\vulkan_gameengine\x64\debug\spherecollision.obj
d:\humber\gameengine\vulkan_gameengine\vulkan_gameengine\vulkan_gameengine\x64\debug\boxcollision.obj
d:\humber\gameengine\vulkan_gameengine\vulkan_gameengine\vulkan_gameengine\x64\debug\billiardtable.obj
d:\humber\gameengine\vulkan_gameengine\vulkan_gameengine\vulkan_gameengine\x64\debug\level.obj
d:\humber\gameengine\vulkan_gameengine\vulkan_gameengine\vulkan_gameengine\x64\debug\game.obj
d:\humber\gameengine\vulkan_gameengine\vulkan_gameengine\vulkan_gameengine\x64\debug\billiardlevel.obj
d:\humber\gameengine\vulkan_gameengine\vulkan_gameengine\vulkan_gameengine\x64\debug\billiardgame.obj
d:\humber\gameengine\vulkan_gameengine\vulkan_gameengine\vulkan_gameengine\x64\debug\vulkan_gameengine.exe
d:\humber\gameengine\vulkan_gameengine\vulkan_gameengine\vulkan_gameengine\x64\debug\vulkan_gameengine.ilk
d:\humber\gameengine\vulkan_gameengine\vulkan_gameengine\vulkan_gameengine\x64\debug\vulkan_gameengine.pdb
d:\humber\gameengine\vulkan_gameengine\vulkan_gameengine\vulkan_gameengine\x64\debug\vulkan_gameengine.res
d:\humber\gameengine\vulkan_gameengine\vulkan_gameengine\vulkan_gameengine\x64\debug\component.obj
d:\humber\gameengine\vulkan_gameengine\vulkan_gameengine\vulkan_gameengine\x64\debug\o_level.obj
d:\humber\gameengine\vulkan_gameengine\vulkan_gameengine\vulkan_gameengine\x64\debug\collisioncomponent.obj.enc
d:\humber\gameengine\vulkan_gameengine\vulkan_gameengine\vulkan_gameengine\x64\debug\physicslib.new.obj.enc
d:\humber\gameengine\vulkan_gameengine\vulkan_gameengine\vulkan_gameengine\x64\debug\source.obj.enc
d:\humber\gameengine\vulkan_gameengine\vulkan_gameengine\vulkan_gameengine\x64\debug\vulkanswapchainmanager.new.obj.enc
d:\humber\gameengine\vulkan_gameengine\vulkan_gameengine\vulkan_gameengine\x64\debug\vulkan_g.d466f5b7.tlog\cl.command.1.tlog
d:\humber\gameengine\vulkan_gameengine\vulkan_gameengine\vulkan_gameengine\x64\debug\vulkan_g.d466f5b7.tlog\cl.read.1.tlog
d:\humber\gameengine\vulkan_gameengine\vulkan_gameengine\vulkan_gameengine\x64\debug\vulkan_g.d466f5b7.tlog\cl.write.1.tlog
d:\humber\gameengine\vulkan_gameengine\vulkan_gameengine\vulkan_gameengine\x64\debug\vulkan_g.d466f5b7.tlog\link.command.1.tlog
d:\humber\gameengine\vulkan_gameengine\vulkan_gameengine\vulkan_gameengine\x64\debug\vulkan_g.d466f5b7.tlog\link.read.1.tlog
d:\humber\gameengine\vulkan_gameengine\vulkan_gameengine\vulkan_gameengine\x64\debug\vulkan_g.d466f5b7.tlog\link.write.1.tlog
d:\humber\gameengine\vulkan_gameengine\vulkan_gameengine\vulkan_gameengine\x64\debug\vulkan_g.d466f5b7.tlog\rc.command.1.tlog
d:\humber\gameengine\vulkan_gameengine\vulkan_gameengine\vulkan_gameengine\x64\debug\vulkan_g.d466f5b7.tlog\rc.read.1.tlog
d:\humber\gameengine\vulkan_gameengine\vulkan_gameengine\vulkan_gameengine\x64\debug\vulkan_g.d466f5b7.tlog\rc.write.1.tlog
